<?xml version="1.0" encoding="UTF-8"?>
<!-- Generated by org.testng.reporters.JUnitReportReporter -->
<testsuite hostname="LAPTOP-22SI24EH" failures="0" tests="5" name="practice.Samplrtestng4" time="0.018" errors="0" timestamp="2023-04-07T15:15:41 IST" skipped="0">
  <testcase classname="practice.Samplrtestng4" name="deletecontact" time="0.001"/>
  <system-out/>
  <testcase classname="practice.Samplrtestng4" name="modifycontact" time="0.002"/>
  <system-out/>
  <testcase classname="practice.Samplrtestng4" name="modifycontact" time="0.001"/>
  <system-out/>
  <testcase classname="practice.Samplrtestng4" name="modifycontact" time="0.003"/>
  <system-out/>
  <testcase classname="practice.Samplrtestng4" name="createcontact" time="0.011"/>
  <system-out/>
</testsuite> <!-- practice.Samplrtestng4 -->
