<?xml version="1.0" encoding="UTF-8"?>
<!-- Generated by org.testng.reporters.JUnitReportReporter -->
<testsuite hostname="LAPTOP-22SI24EH" failures="0" tests="3" name="practice.Dataproviderexample" time="0.006" errors="0" timestamp="2023-04-17T13:13:57 IST" skipped="0">
  <testcase classname="practice.Dataproviderexample" name="booktickets" time="0.001"/>
  <system-out/>
  <testcase classname="practice.Dataproviderexample" name="booktickets" time="0.000"/>
  <system-out/>
  <testcase classname="practice.Dataproviderexample" name="booktickets" time="0.005"/>
  <system-out/>
</testsuite> <!-- practice.Dataproviderexample -->
