<?xml version="1.0" encoding="UTF-8"?>
<!-- Generated by org.testng.reporters.JUnitReportReporter -->
<testsuite hostname="LAPTOP-22SI24EH" failures="0" tests="3" name="practice.Dataproviderusingexcel" time="0.007" errors="0" timestamp="2023-04-20T13:38:22 IST" skipped="0">
  <testcase classname="practice.Dataproviderusingexcel" name="readData" time="0.000"/>
  <system-out/>
  <testcase classname="practice.Dataproviderusingexcel" name="readData" time="0.001"/>
  <system-out/>
  <testcase classname="practice.Dataproviderusingexcel" name="readData" time="0.006"/>
  <system-out/>
</testsuite> <!-- practice.Dataproviderusingexcel -->
