<?xml version="1.0" encoding="UTF-8"?>
<!-- Generated by org.testng.reporters.JUnitReportReporter -->
<testsuite hostname="LAPTOP-22SI24EH" failures="0" tests="2" name="practice.Sampletestng$Sample1" time="0.007" errors="0" timestamp="2023-04-07T14:47:59 IST" skipped="0">
  <testcase classname="practice.Sampletestng$Sample1" name="modifycontact" time="0.001"/>
  <system-out/>
  <testcase classname="practice.Sampletestng$Sample1" name="createcontact" time="0.006"/>
  <system-out/>
</testsuite> <!-- practice.Sampletestng$Sample1 -->
