<?xml version="1.0" encoding="UTF-8"?>
<!-- Generated by org.testng.reporters.JUnitReportReporter -->
<testsuite hostname="LAPTOP-22SI24EH" failures="0" tests="3" name="practice.Sampletestng2" time="0.010" errors="0" timestamp="2023-04-07T14:57:57 IST" skipped="0">
  <testcase classname="practice.Sampletestng2" name="createcontact" time="0.008"/>
  <system-out/>
  <testcase classname="practice.Sampletestng2" name="modifycontact" time="0.001"/>
  <system-out/>
  <testcase classname="practice.Sampletestng2" name="deletecontact" time="0.001"/>
  <system-out/>
</testsuite> <!-- practice.Sampletestng2 -->
