<?xml version="1.0" encoding="UTF-8"?>
<!-- Generated by org.testng.reporters.JUnitReportReporter -->
<testsuite hostname="LAPTOP-22SI24EH" failures="0" tests="3" name="practice.Sampletestng" time="0.015" errors="0" timestamp="2023-04-07T14:53:52 IST" skipped="0">
  <testcase classname="practice.Sampletestng" name="deletecontact" time="0.002"/>
  <system-out/>
  <testcase classname="practice.Sampletestng" name="modifycontact" time="0.002"/>
  <system-out/>
  <testcase classname="practice.Sampletestng" name="createcontact" time="0.011"/>
  <system-out/>
</testsuite> <!-- practice.Sampletestng -->
